[2025-06-30 22:22:33] local.ERROR: Please provide a valid cache path. {"exception":"[object] (InvalidArgumentException(code: 0): Please provide a valid cache path. at /Users/mariabelenaa/JUSTIFICACIONES_GITHUB/Justificaciones_Laravel/vendor/laravel/framework/src/Illuminate/View/Compilers/Compiler.php:75)
[stacktrace]
#0 /Users/mariabelenaa/JUSTIFICACIONES_GITHUB/Justificaciones_Laravel/vendor/laravel/framework/src/Illuminate/View/ViewServiceProvider.php(97): Illuminate\\View\\Compilers\\Compiler->__construct(Object(Illuminate\\Filesystem\\Filesystem), false, '', true, 'php', true)
#1 /Users/mariabelenaa/JUSTIFICACIONES_GITHUB/Justificaciones_Laravel/vendor/laravel/framework/src/Illuminate/Container/Container.php(1010): Illuminate\\View\\ViewServiceProvider->{closure:Illuminate\\View\\ViewServiceProvider::registerBladeCompiler():96}(Object(Illuminate\\Foundation\\Application), Array)
#2 /Users/mariabelenaa/JUSTIFICACIONES_GITHUB/Justificaciones_Laravel/vendor/laravel/framework/src/Illuminate/Container/Container.php(890): Illuminate\\Container\\Container->build(Object(Closure))
#3 /Users/mariabelenaa/JUSTIFICACIONES_GITHUB/Justificaciones_Laravel/vendor/laravel/framework/src/Illuminate/Foundation/Application.php(1077): Illuminate\\Container\\Container->resolve('blade.compiler', Array, true)
#4 /Users/mariabelenaa/JUSTIFICACIONES_GITHUB/Justificaciones_Laravel/vendor/laravel/framework/src/Illuminate/Container/Container.php(821): Illuminate\\Foundation\\Application->resolve('blade.compiler', Array)
#5 /Users/mariabelenaa/JUSTIFICACIONES_GITHUB/Justificaciones_Laravel/vendor/laravel/framework/src/Illuminate/Foundation/Application.php(1057): Illuminate\\Container\\Container->make('blade.compiler', Array)
#6 /Users/mariabelenaa/JUSTIFICACIONES_GITHUB/Justificaciones_Laravel/vendor/laravel/framework/src/Illuminate/View/ViewServiceProvider.php(169): Illuminate\\Foundation\\Application->make('blade.compiler')
#7 [internal function]: Illuminate\\View\\ViewServiceProvider->{closure:Illuminate\\View\\ViewServiceProvider::registerBladeEngine():165}()
#8 /Users/mariabelenaa/JUSTIFICACIONES_GITHUB/Justificaciones_Laravel/vendor/laravel/framework/src/Illuminate/View/Engines/EngineResolver.php(55): call_user_func(Object(Closure))
#9 /Users/mariabelenaa/JUSTIFICACIONES_GITHUB/Justificaciones_Laravel/vendor/laravel/framework/src/Illuminate/View/Factory.php(325): Illuminate\\View\\Engines\\EngineResolver->resolve('blade')
#10 /Users/mariabelenaa/JUSTIFICACIONES_GITHUB/Justificaciones_Laravel/vendor/laravel/framework/src/Illuminate/View/Factory.php(287): Illuminate\\View\\Factory->getEngineFromPath('/Users/mariabel...')
#11 /Users/mariabelenaa/JUSTIFICACIONES_GITHUB/Justificaciones_Laravel/vendor/laravel/framework/src/Illuminate/View/Factory.php(159): Illuminate\\View\\Factory->viewInstance('welcome', '/Users/mariabel...', Array)
#12 /Users/mariabelenaa/JUSTIFICACIONES_GITHUB/Justificaciones_Laravel/vendor/laravel/framework/src/Illuminate/Foundation/helpers.php(1079): Illuminate\\View\\Factory->make('welcome', Array, Array)
#13 /Users/mariabelenaa/JUSTIFICACIONES_GITHUB/Justificaciones_Laravel/routes/web.php(30): view('welcome')
#14 /Users/mariabelenaa/JUSTIFICACIONES_GITHUB/Justificaciones_Laravel/vendor/laravel/framework/src/Illuminate/Routing/CallableDispatcher.php(39): Illuminate\\Routing\\RouteFileRegistrar->{closure:/Users/mariabelenaa/JUSTIFICACIONES_GITHUB/Justificaciones_Laravel/routes/web.php:29}()
#15 /Users/mariabelenaa/JUSTIFICACIONES_GITHUB/Justificaciones_Laravel/vendor/laravel/framework/src/Illuminate/Routing/Route.php(243): Illuminate\\Routing\\CallableDispatcher->dispatch(Object(Illuminate\\Routing\\Route), Object(Closure))
#16 /Users/mariabelenaa/JUSTIFICACIONES_GITHUB/Justificaciones_Laravel/vendor/laravel/framework/src/Illuminate/Routing/Route.php(214): Illuminate\\Routing\\Route->runCallable()
#17 /Users/mariabelenaa/JUSTIFICACIONES_GITHUB/Justificaciones_Laravel/vendor/laravel/framework/src/Illuminate/Routing/Router.php(808): Illuminate\\Routing\\Route->run()
#18 /Users/mariabelenaa/JUSTIFICACIONES_GITHUB/Justificaciones_Laravel/vendor/laravel/framework/src/Illuminate/Pipeline/Pipeline.php(169): Illuminate\\Routing\\Router->{closure:Illuminate\\Routing\\Router::runRouteWithinStack():807}(Object(Illuminate\\Http\\Request))
#19 /Users/mariabelenaa/JUSTIFICACIONES_GITHUB/Justificaciones_Laravel/vendor/laravel/framework/src/Illuminate/Routing/Middleware/SubstituteBindings.php(50): Illuminate\\Pipeline\\Pipeline->{closure:Illuminate\\Pipeline\\Pipeline::prepareDestination():167}(Object(Illuminate\\Http\\Request))
#20 /Users/mariabelenaa/JUSTIFICACIONES_GITHUB/Justificaciones_Laravel/vendor/laravel/framework/src/Illuminate/Pipeline/Pipeline.php(208): Illuminate\\Routing\\Middleware\\SubstituteBindings->handle(Object(Illuminate\\Http\\Request), Object(Closure))
#21 /Users/mariabelenaa/JUSTIFICACIONES_GITHUB/Justificaciones_Laravel/vendor/laravel/framework/src/Illuminate/Foundation/Http/Middleware/VerifyCsrfToken.php(87): Illuminate\\Pipeline\\Pipeline->{closure:{closure:Illuminate\\Pipeline\\Pipeline::carry():183}:184}(Object(Illuminate\\Http\\Request))
#22 /Users/mariabelenaa/JUSTIFICACIONES_GITHUB/Justificaciones_Laravel/vendor/laravel/framework/src/Illuminate/Pipeline/Pipeline.php(208): Illuminate\\Foundation\\Http\\Middleware\\VerifyCsrfToken->handle(Object(Illuminate\\Http\\Request), Object(Closure))
#23 /Users/mariabelenaa/JUSTIFICACIONES_GITHUB/Justificaciones_Laravel/vendor/laravel/framework/src/Illuminate/View/Middleware/ShareErrorsFromSession.php(48): Illuminate\\Pipeline\\Pipeline->{closure:{closure:Illuminate\\Pipeline\\Pipeline::carry():183}:184}(Object(Illuminate\\Http\\Request))
#24 /Users/mariabelenaa/JUSTIFICACIONES_GITHUB/Justificaciones_Laravel/vendor/laravel/framework/src/Illuminate/Pipeline/Pipeline.php(208): Illuminate\\View\\Middleware\\ShareErrorsFromSession->handle(Object(Illuminate\\Http\\Request), Object(Closure))
#25 /Users/mariabelenaa/JUSTIFICACIONES_GITHUB/Justificaciones_Laravel/vendor/laravel/framework/src/Illuminate/Session/Middleware/StartSession.php(120): Illuminate\\Pipeline\\Pipeline->{closure:{closure:Illuminate\\Pipeline\\Pipeline::carry():183}:184}(Object(Illuminate\\Http\\Request))
#26 /Users/mariabelenaa/JUSTIFICACIONES_GITHUB/Justificaciones_Laravel/vendor/laravel/framework/src/Illuminate/Session/Middleware/StartSession.php(63): Illuminate\\Session\\Middleware\\StartSession->handleStatefulRequest(Object(Illuminate\\Http\\Request), Object(Illuminate\\Session\\Store), Object(Closure))
#27 /Users/mariabelenaa/JUSTIFICACIONES_GITHUB/Justificaciones_Laravel/vendor/laravel/framework/src/Illuminate/Pipeline/Pipeline.php(208): Illuminate\\Session\\Middleware\\StartSession->handle(Object(Illuminate\\Http\\Request), Object(Closure))
#28 /Users/mariabelenaa/JUSTIFICACIONES_GITHUB/Justificaciones_Laravel/vendor/laravel/framework/src/Illuminate/Cookie/Middleware/AddQueuedCookiesToResponse.php(36): Illuminate\\Pipeline\\Pipeline->{closure:{closure:Illuminate\\Pipeline\\Pipeline::carry():183}:184}(Object(Illuminate\\Http\\Request))
#29 /Users/mariabelenaa/JUSTIFICACIONES_GITHUB/Justificaciones_Laravel/vendor/laravel/framework/src/Illuminate/Pipeline/Pipeline.php(208): Illuminate\\Cookie\\Middleware\\AddQueuedCookiesToResponse->handle(Object(Illuminate\\Http\\Request), Object(Closure))
#30 /Users/mariabelenaa/JUSTIFICACIONES_GITHUB/Justificaciones_Laravel/vendor/laravel/framework/src/Illuminate/Cookie/Middleware/EncryptCookies.php(74): Illuminate\\Pipeline\\Pipeline->{closure:{closure:Illuminate\\Pipeline\\Pipeline::carry():183}:184}(Object(Illuminate\\Http\\Request))
#31 /Users/mariabelenaa/JUSTIFICACIONES_GITHUB/Justificaciones_Laravel/vendor/laravel/framework/src/Illuminate/Pipeline/Pipeline.php(208): Illuminate\\Cookie\\Middleware\\EncryptCookies->handle(Object(Illuminate\\Http\\Request), Object(Closure))
#32 /Users/mariabelenaa/JUSTIFICACIONES_GITHUB/Justificaciones_Laravel/vendor/laravel/framework/src/Illuminate/Pipeline/Pipeline.php(126): Illuminate\\Pipeline\\Pipeline->{closure:{closure:Illuminate\\Pipeline\\Pipeline::carry():183}:184}(Object(Illuminate\\Http\\Request))
#33 /Users/mariabelenaa/JUSTIFICACIONES_GITHUB/Justificaciones_Laravel/vendor/laravel/framework/src/Illuminate/Routing/Router.php(807): Illuminate\\Pipeline\\Pipeline->then(Object(Closure))
#34 /Users/mariabelenaa/JUSTIFICACIONES_GITHUB/Justificaciones_Laravel/vendor/laravel/framework/src/Illuminate/Routing/Router.php(786): Illuminate\\Routing\\Router->runRouteWithinStack(Object(Illuminate\\Routing\\Route), Object(Illuminate\\Http\\Request))
#35 /Users/mariabelenaa/JUSTIFICACIONES_GITHUB/Justificaciones_Laravel/vendor/laravel/framework/src/Illuminate/Routing/Router.php(750): Illuminate\\Routing\\Router->runRoute(Object(Illuminate\\Http\\Request), Object(Illuminate\\Routing\\Route))
#36 /Users/mariabelenaa/JUSTIFICACIONES_GITHUB/Justificaciones_Laravel/vendor/laravel/framework/src/Illuminate/Routing/Router.php(739): Illuminate\\Routing\\Router->dispatchToRoute(Object(Illuminate\\Http\\Request))
#37 /Users/mariabelenaa/JUSTIFICACIONES_GITHUB/Justificaciones_Laravel/vendor/laravel/framework/src/Illuminate/Foundation/Http/Kernel.php(200): Illuminate\\Routing\\Router->dispatch(Object(Illuminate\\Http\\Request))
#38 /Users/mariabelenaa/JUSTIFICACIONES_GITHUB/Justificaciones_Laravel/vendor/laravel/framework/src/Illuminate/Pipeline/Pipeline.php(169): Illuminate\\Foundation\\Http\\Kernel->{closure:Illuminate\\Foundation\\Http\\Kernel::dispatchToRouter():197}(Object(Illuminate\\Http\\Request))
#39 /Users/mariabelenaa/JUSTIFICACIONES_GITHUB/Justificaciones_Laravel/vendor/laravel/framework/src/Illuminate/Foundation/Http/Middleware/TransformsRequest.php(21): Illuminate\\Pipeline\\Pipeline->{closure:Illuminate\\Pipeline\\Pipeline::prepareDestination():167}(Object(Illuminate\\Http\\Request))
#40 /Users/mariabelenaa/JUSTIFICACIONES_GITHUB/Justificaciones_Laravel/vendor/laravel/framework/src/Illuminate/Foundation/Http/Middleware/ConvertEmptyStringsToNull.php(31): Illuminate\\Foundation\\Http\\Middleware\\TransformsRequest->handle(Object(Illuminate\\Http\\Request), Object(Closure))
#41 /Users/mariabelenaa/JUSTIFICACIONES_GITHUB/Justificaciones_Laravel/vendor/laravel/framework/src/Illuminate/Pipeline/Pipeline.php(208): Illuminate\\Foundation\\Http\\Middleware\\ConvertEmptyStringsToNull->handle(Object(Illuminate\\Http\\Request), Object(Closure))
#42 /Users/mariabelenaa/JUSTIFICACIONES_GITHUB/Justificaciones_Laravel/vendor/laravel/framework/src/Illuminate/Foundation/Http/Middleware/TransformsRequest.php(21): Illuminate\\Pipeline\\Pipeline->{closure:{closure:Illuminate\\Pipeline\\Pipeline::carry():183}:184}(Object(Illuminate\\Http\\Request))
#43 /Users/mariabelenaa/JUSTIFICACIONES_GITHUB/Justificaciones_Laravel/vendor/laravel/framework/src/Illuminate/Foundation/Http/Middleware/TrimStrings.php(51): Illuminate\\Foundation\\Http\\Middleware\\TransformsRequest->handle(Object(Illuminate\\Http\\Request), Object(Closure))
#44 /Users/mariabelenaa/JUSTIFICACIONES_GITHUB/Justificaciones_Laravel/vendor/laravel/framework/src/Illuminate/Pipeline/Pipeline.php(208): Illuminate\\Foundation\\Http\\Middleware\\TrimStrings->handle(Object(Illuminate\\Http\\Request), Object(Closure))
#45 /Users/mariabelenaa/JUSTIFICACIONES_GITHUB/Justificaciones_Laravel/vendor/laravel/framework/src/Illuminate/Http/Middleware/ValidatePostSize.php(27): Illuminate\\Pipeline\\Pipeline->{closure:{closure:Illuminate\\Pipeline\\Pipeline::carry():183}:184}(Object(Illuminate\\Http\\Request))
#46 /Users/mariabelenaa/JUSTIFICACIONES_GITHUB/Justificaciones_Laravel/vendor/laravel/framework/src/Illuminate/Pipeline/Pipeline.php(208): Illuminate\\Http\\Middleware\\ValidatePostSize->handle(Object(Illuminate\\Http\\Request), Object(Closure))
#47 /Users/mariabelenaa/JUSTIFICACIONES_GITHUB/Justificaciones_Laravel/vendor/laravel/framework/src/Illuminate/Foundation/Http/Middleware/PreventRequestsDuringMaintenance.php(109): Illuminate\\Pipeline\\Pipeline->{closure:{closure:Illuminate\\Pipeline\\Pipeline::carry():183}:184}(Object(Illuminate\\Http\\Request))
#48 /Users/mariabelenaa/JUSTIFICACIONES_GITHUB/Justificaciones_Laravel/vendor/laravel/framework/src/Illuminate/Pipeline/Pipeline.php(208): Illuminate\\Foundation\\Http\\Middleware\\PreventRequestsDuringMaintenance->handle(Object(Illuminate\\Http\\Request), Object(Closure))
#49 /Users/mariabelenaa/JUSTIFICACIONES_GITHUB/Justificaciones_Laravel/vendor/laravel/framework/src/Illuminate/Http/Middleware/HandleCors.php(48): Illuminate\\Pipeline\\Pipeline->{closure:{closure:Illuminate\\Pipeline\\Pipeline::carry():183}:184}(Object(Illuminate\\Http\\Request))
#50 /Users/mariabelenaa/JUSTIFICACIONES_GITHUB/Justificaciones_Laravel/vendor/laravel/framework/src/Illuminate/Pipeline/Pipeline.php(208): Illuminate\\Http\\Middleware\\HandleCors->handle(Object(Illuminate\\Http\\Request), Object(Closure))
#51 /Users/mariabelenaa/JUSTIFICACIONES_GITHUB/Justificaciones_Laravel/vendor/laravel/framework/src/Illuminate/Http/Middleware/TrustProxies.php(58): Illuminate\\Pipeline\\Pipeline->{closure:{closure:Illuminate\\Pipeline\\Pipeline::carry():183}:184}(Object(Illuminate\\Http\\Request))
#52 /Users/mariabelenaa/JUSTIFICACIONES_GITHUB/Justificaciones_Laravel/vendor/laravel/framework/src/Illuminate/Pipeline/Pipeline.php(208): Illuminate\\Http\\Middleware\\TrustProxies->handle(Object(Illuminate\\Http\\Request), Object(Closure))
#53 /Users/mariabelenaa/JUSTIFICACIONES_GITHUB/Justificaciones_Laravel/vendor/laravel/framework/src/Illuminate/Foundation/Http/Middleware/InvokeDeferredCallbacks.php(22): Illuminate\\Pipeline\\Pipeline->{closure:{closure:Illuminate\\Pipeline\\Pipeline::carry():183}:184}(Object(Illuminate\\Http\\Request))
#54 /Users/mariabelenaa/JUSTIFICACIONES_GITHUB/Justificaciones_Laravel/vendor/laravel/framework/src/Illuminate/Pipeline/Pipeline.php(208): Illuminate\\Foundation\\Http\\Middleware\\InvokeDeferredCallbacks->handle(Object(Illuminate\\Http\\Request), Object(Closure))
#55 /Users/mariabelenaa/JUSTIFICACIONES_GITHUB/Justificaciones_Laravel/vendor/laravel/framework/src/Illuminate/Http/Middleware/ValidatePathEncoding.php(26): Illuminate\\Pipeline\\Pipeline->{closure:{closure:Illuminate\\Pipeline\\Pipeline::carry():183}:184}(Object(Illuminate\\Http\\Request))
#56 /Users/mariabelenaa/JUSTIFICACIONES_GITHUB/Justificaciones_Laravel/vendor/laravel/framework/src/Illuminate/Pipeline/Pipeline.php(208): Illuminate\\Http\\Middleware\\ValidatePathEncoding->handle(Object(Illuminate\\Http\\Request), Object(Closure))
#57 /Users/mariabelenaa/JUSTIFICACIONES_GITHUB/Justificaciones_Laravel/vendor/laravel/framework/src/Illuminate/Pipeline/Pipeline.php(126): Illuminate\\Pipeline\\Pipeline->{closure:{closure:Illuminate\\Pipeline\\Pipeline::carry():183}:184}(Object(Illuminate\\Http\\Request))
#58 /Users/mariabelenaa/JUSTIFICACIONES_GITHUB/Justificaciones_Laravel/vendor/laravel/framework/src/Illuminate/Foundation/Http/Kernel.php(175): Illuminate\\Pipeline\\Pipeline->then(Object(Closure))
#59 /Users/mariabelenaa/JUSTIFICACIONES_GITHUB/Justificaciones_Laravel/vendor/laravel/framework/src/Illuminate/Foundation/Http/Kernel.php(144): Illuminate\\Foundation\\Http\\Kernel->sendRequestThroughRouter(Object(Illuminate\\Http\\Request))
#60 /Users/mariabelenaa/JUSTIFICACIONES_GITHUB/Justificaciones_Laravel/vendor/laravel/framework/src/Illuminate/Foundation/Application.php(1219): Illuminate\\Foundation\\Http\\Kernel->handle(Object(Illuminate\\Http\\Request))
#61 /Users/mariabelenaa/JUSTIFICACIONES_GITHUB/Justificaciones_Laravel/public/index.php(20): Illuminate\\Foundation\\Application->handleRequest(Object(Illuminate\\Http\\Request))
#62 /Users/mariabelenaa/JUSTIFICACIONES_GITHUB/Justificaciones_Laravel/vendor/laravel/framework/src/Illuminate/Foundation/resources/server.php(23): require_once('/Users/mariabel...')
#63 {main}
"} 
[2025-06-30 22:22:33] local.ERROR: Please provide a valid cache path. {"exception":"[object] (InvalidArgumentException(code: 0): Please provide a valid cache path. at /Users/mariabelenaa/JUSTIFICACIONES_GITHUB/Justificaciones_Laravel/vendor/laravel/framework/src/Illuminate/View/Compilers/Compiler.php:75)
[stacktrace]
#0 /Users/mariabelenaa/JUSTIFICACIONES_GITHUB/Justificaciones_Laravel/vendor/laravel/framework/src/Illuminate/View/ViewServiceProvider.php(97): Illuminate\\View\\Compilers\\Compiler->__construct(Object(Illuminate\\Filesystem\\Filesystem), false, '', true, 'php', true)
#1 /Users/mariabelenaa/JUSTIFICACIONES_GITHUB/Justificaciones_Laravel/vendor/laravel/framework/src/Illuminate/Container/Container.php(1010): Illuminate\\View\\ViewServiceProvider->{closure:Illuminate\\View\\ViewServiceProvider::registerBladeCompiler():96}(Object(Illuminate\\Foundation\\Application), Array)
#2 /Users/mariabelenaa/JUSTIFICACIONES_GITHUB/Justificaciones_Laravel/vendor/laravel/framework/src/Illuminate/Container/Container.php(890): Illuminate\\Container\\Container->build(Object(Closure))
#3 /Users/mariabelenaa/JUSTIFICACIONES_GITHUB/Justificaciones_Laravel/vendor/laravel/framework/src/Illuminate/Foundation/Application.php(1077): Illuminate\\Container\\Container->resolve('blade.compiler', Array, true)
#4 /Users/mariabelenaa/JUSTIFICACIONES_GITHUB/Justificaciones_Laravel/vendor/laravel/framework/src/Illuminate/Container/Container.php(821): Illuminate\\Foundation\\Application->resolve('blade.compiler', Array)
#5 /Users/mariabelenaa/JUSTIFICACIONES_GITHUB/Justificaciones_Laravel/vendor/laravel/framework/src/Illuminate/Foundation/Application.php(1057): Illuminate\\Container\\Container->make('blade.compiler', Array)
#6 /Users/mariabelenaa/JUSTIFICACIONES_GITHUB/Justificaciones_Laravel/vendor/laravel/framework/src/Illuminate/View/ViewServiceProvider.php(169): Illuminate\\Foundation\\Application->make('blade.compiler')
#7 [internal function]: Illuminate\\View\\ViewServiceProvider->{closure:Illuminate\\View\\ViewServiceProvider::registerBladeEngine():165}()
#8 /Users/mariabelenaa/JUSTIFICACIONES_GITHUB/Justificaciones_Laravel/vendor/laravel/framework/src/Illuminate/View/Engines/EngineResolver.php(55): call_user_func(Object(Closure))
#9 /Users/mariabelenaa/JUSTIFICACIONES_GITHUB/Justificaciones_Laravel/vendor/laravel/framework/src/Illuminate/View/Factory.php(325): Illuminate\\View\\Engines\\EngineResolver->resolve('blade')
#10 /Users/mariabelenaa/JUSTIFICACIONES_GITHUB/Justificaciones_Laravel/vendor/laravel/framework/src/Illuminate/View/Factory.php(287): Illuminate\\View\\Factory->getEngineFromPath('/Users/mariabel...')
#11 /Users/mariabelenaa/JUSTIFICACIONES_GITHUB/Justificaciones_Laravel/vendor/laravel/framework/src/Illuminate/View/Factory.php(159): Illuminate\\View\\Factory->viewInstance('welcome', '/Users/mariabel...', Array)
#12 /Users/mariabelenaa/JUSTIFICACIONES_GITHUB/Justificaciones_Laravel/vendor/laravel/framework/src/Illuminate/Foundation/helpers.php(1079): Illuminate\\View\\Factory->make('welcome', Array, Array)
#13 /Users/mariabelenaa/JUSTIFICACIONES_GITHUB/Justificaciones_Laravel/routes/web.php(30): view('welcome')
#14 /Users/mariabelenaa/JUSTIFICACIONES_GITHUB/Justificaciones_Laravel/vendor/laravel/framework/src/Illuminate/Routing/CallableDispatcher.php(39): Illuminate\\Routing\\RouteFileRegistrar->{closure:/Users/mariabelenaa/JUSTIFICACIONES_GITHUB/Justificaciones_Laravel/routes/web.php:29}()
#15 /Users/mariabelenaa/JUSTIFICACIONES_GITHUB/Justificaciones_Laravel/vendor/laravel/framework/src/Illuminate/Routing/Route.php(243): Illuminate\\Routing\\CallableDispatcher->dispatch(Object(Illuminate\\Routing\\Route), Object(Closure))
#16 /Users/mariabelenaa/JUSTIFICACIONES_GITHUB/Justificaciones_Laravel/vendor/laravel/framework/src/Illuminate/Routing/Route.php(214): Illuminate\\Routing\\Route->runCallable()
#17 /Users/mariabelenaa/JUSTIFICACIONES_GITHUB/Justificaciones_Laravel/vendor/laravel/framework/src/Illuminate/Routing/Router.php(808): Illuminate\\Routing\\Route->run()
#18 /Users/mariabelenaa/JUSTIFICACIONES_GITHUB/Justificaciones_Laravel/vendor/laravel/framework/src/Illuminate/Pipeline/Pipeline.php(169): Illuminate\\Routing\\Router->{closure:Illuminate\\Routing\\Router::runRouteWithinStack():807}(Object(Illuminate\\Http\\Request))
#19 /Users/mariabelenaa/JUSTIFICACIONES_GITHUB/Justificaciones_Laravel/vendor/laravel/framework/src/Illuminate/Routing/Middleware/SubstituteBindings.php(50): Illuminate\\Pipeline\\Pipeline->{closure:Illuminate\\Pipeline\\Pipeline::prepareDestination():167}(Object(Illuminate\\Http\\Request))
#20 /Users/mariabelenaa/JUSTIFICACIONES_GITHUB/Justificaciones_Laravel/vendor/laravel/framework/src/Illuminate/Pipeline/Pipeline.php(208): Illuminate\\Routing\\Middleware\\SubstituteBindings->handle(Object(Illuminate\\Http\\Request), Object(Closure))
#21 /Users/mariabelenaa/JUSTIFICACIONES_GITHUB/Justificaciones_Laravel/vendor/laravel/framework/src/Illuminate/Foundation/Http/Middleware/VerifyCsrfToken.php(87): Illuminate\\Pipeline\\Pipeline->{closure:{closure:Illuminate\\Pipeline\\Pipeline::carry():183}:184}(Object(Illuminate\\Http\\Request))
#22 /Users/mariabelenaa/JUSTIFICACIONES_GITHUB/Justificaciones_Laravel/vendor/laravel/framework/src/Illuminate/Pipeline/Pipeline.php(208): Illuminate\\Foundation\\Http\\Middleware\\VerifyCsrfToken->handle(Object(Illuminate\\Http\\Request), Object(Closure))
#23 /Users/mariabelenaa/JUSTIFICACIONES_GITHUB/Justificaciones_Laravel/vendor/laravel/framework/src/Illuminate/View/Middleware/ShareErrorsFromSession.php(48): Illuminate\\Pipeline\\Pipeline->{closure:{closure:Illuminate\\Pipeline\\Pipeline::carry():183}:184}(Object(Illuminate\\Http\\Request))
#24 /Users/mariabelenaa/JUSTIFICACIONES_GITHUB/Justificaciones_Laravel/vendor/laravel/framework/src/Illuminate/Pipeline/Pipeline.php(208): Illuminate\\View\\Middleware\\ShareErrorsFromSession->handle(Object(Illuminate\\Http\\Request), Object(Closure))
#25 /Users/mariabelenaa/JUSTIFICACIONES_GITHUB/Justificaciones_Laravel/vendor/laravel/framework/src/Illuminate/Session/Middleware/StartSession.php(120): Illuminate\\Pipeline\\Pipeline->{closure:{closure:Illuminate\\Pipeline\\Pipeline::carry():183}:184}(Object(Illuminate\\Http\\Request))
#26 /Users/mariabelenaa/JUSTIFICACIONES_GITHUB/Justificaciones_Laravel/vendor/laravel/framework/src/Illuminate/Session/Middleware/StartSession.php(63): Illuminate\\Session\\Middleware\\StartSession->handleStatefulRequest(Object(Illuminate\\Http\\Request), Object(Illuminate\\Session\\Store), Object(Closure))
#27 /Users/mariabelenaa/JUSTIFICACIONES_GITHUB/Justificaciones_Laravel/vendor/laravel/framework/src/Illuminate/Pipeline/Pipeline.php(208): Illuminate\\Session\\Middleware\\StartSession->handle(Object(Illuminate\\Http\\Request), Object(Closure))
#28 /Users/mariabelenaa/JUSTIFICACIONES_GITHUB/Justificaciones_Laravel/vendor/laravel/framework/src/Illuminate/Cookie/Middleware/AddQueuedCookiesToResponse.php(36): Illuminate\\Pipeline\\Pipeline->{closure:{closure:Illuminate\\Pipeline\\Pipeline::carry():183}:184}(Object(Illuminate\\Http\\Request))
#29 /Users/mariabelenaa/JUSTIFICACIONES_GITHUB/Justificaciones_Laravel/vendor/laravel/framework/src/Illuminate/Pipeline/Pipeline.php(208): Illuminate\\Cookie\\Middleware\\AddQueuedCookiesToResponse->handle(Object(Illuminate\\Http\\Request), Object(Closure))
#30 /Users/mariabelenaa/JUSTIFICACIONES_GITHUB/Justificaciones_Laravel/vendor/laravel/framework/src/Illuminate/Cookie/Middleware/EncryptCookies.php(74): Illuminate\\Pipeline\\Pipeline->{closure:{closure:Illuminate\\Pipeline\\Pipeline::carry():183}:184}(Object(Illuminate\\Http\\Request))
#31 /Users/mariabelenaa/JUSTIFICACIONES_GITHUB/Justificaciones_Laravel/vendor/laravel/framework/src/Illuminate/Pipeline/Pipeline.php(208): Illuminate\\Cookie\\Middleware\\EncryptCookies->handle(Object(Illuminate\\Http\\Request), Object(Closure))
#32 /Users/mariabelenaa/JUSTIFICACIONES_GITHUB/Justificaciones_Laravel/vendor/laravel/framework/src/Illuminate/Pipeline/Pipeline.php(126): Illuminate\\Pipeline\\Pipeline->{closure:{closure:Illuminate\\Pipeline\\Pipeline::carry():183}:184}(Object(Illuminate\\Http\\Request))
#33 /Users/mariabelenaa/JUSTIFICACIONES_GITHUB/Justificaciones_Laravel/vendor/laravel/framework/src/Illuminate/Routing/Router.php(807): Illuminate\\Pipeline\\Pipeline->then(Object(Closure))
#34 /Users/mariabelenaa/JUSTIFICACIONES_GITHUB/Justificaciones_Laravel/vendor/laravel/framework/src/Illuminate/Routing/Router.php(786): Illuminate\\Routing\\Router->runRouteWithinStack(Object(Illuminate\\Routing\\Route), Object(Illuminate\\Http\\Request))
#35 /Users/mariabelenaa/JUSTIFICACIONES_GITHUB/Justificaciones_Laravel/vendor/laravel/framework/src/Illuminate/Routing/Router.php(750): Illuminate\\Routing\\Router->runRoute(Object(Illuminate\\Http\\Request), Object(Illuminate\\Routing\\Route))
#36 /Users/mariabelenaa/JUSTIFICACIONES_GITHUB/Justificaciones_Laravel/vendor/laravel/framework/src/Illuminate/Routing/Router.php(739): Illuminate\\Routing\\Router->dispatchToRoute(Object(Illuminate\\Http\\Request))
#37 /Users/mariabelenaa/JUSTIFICACIONES_GITHUB/Justificaciones_Laravel/vendor/laravel/framework/src/Illuminate/Foundation/Http/Kernel.php(200): Illuminate\\Routing\\Router->dispatch(Object(Illuminate\\Http\\Request))
#38 /Users/mariabelenaa/JUSTIFICACIONES_GITHUB/Justificaciones_Laravel/vendor/laravel/framework/src/Illuminate/Pipeline/Pipeline.php(169): Illuminate\\Foundation\\Http\\Kernel->{closure:Illuminate\\Foundation\\Http\\Kernel::dispatchToRouter():197}(Object(Illuminate\\Http\\Request))
#39 /Users/mariabelenaa/JUSTIFICACIONES_GITHUB/Justificaciones_Laravel/vendor/laravel/framework/src/Illuminate/Foundation/Http/Middleware/TransformsRequest.php(21): Illuminate\\Pipeline\\Pipeline->{closure:Illuminate\\Pipeline\\Pipeline::prepareDestination():167}(Object(Illuminate\\Http\\Request))
#40 /Users/mariabelenaa/JUSTIFICACIONES_GITHUB/Justificaciones_Laravel/vendor/laravel/framework/src/Illuminate/Foundation/Http/Middleware/ConvertEmptyStringsToNull.php(31): Illuminate\\Foundation\\Http\\Middleware\\TransformsRequest->handle(Object(Illuminate\\Http\\Request), Object(Closure))
#41 /Users/mariabelenaa/JUSTIFICACIONES_GITHUB/Justificaciones_Laravel/vendor/laravel/framework/src/Illuminate/Pipeline/Pipeline.php(208): Illuminate\\Foundation\\Http\\Middleware\\ConvertEmptyStringsToNull->handle(Object(Illuminate\\Http\\Request), Object(Closure))
#42 /Users/mariabelenaa/JUSTIFICACIONES_GITHUB/Justificaciones_Laravel/vendor/laravel/framework/src/Illuminate/Foundation/Http/Middleware/TransformsRequest.php(21): Illuminate\\Pipeline\\Pipeline->{closure:{closure:Illuminate\\Pipeline\\Pipeline::carry():183}:184}(Object(Illuminate\\Http\\Request))
#43 /Users/mariabelenaa/JUSTIFICACIONES_GITHUB/Justificaciones_Laravel/vendor/laravel/framework/src/Illuminate/Foundation/Http/Middleware/TrimStrings.php(51): Illuminate\\Foundation\\Http\\Middleware\\TransformsRequest->handle(Object(Illuminate\\Http\\Request), Object(Closure))
#44 /Users/mariabelenaa/JUSTIFICACIONES_GITHUB/Justificaciones_Laravel/vendor/laravel/framework/src/Illuminate/Pipeline/Pipeline.php(208): Illuminate\\Foundation\\Http\\Middleware\\TrimStrings->handle(Object(Illuminate\\Http\\Request), Object(Closure))
#45 /Users/mariabelenaa/JUSTIFICACIONES_GITHUB/Justificaciones_Laravel/vendor/laravel/framework/src/Illuminate/Http/Middleware/ValidatePostSize.php(27): Illuminate\\Pipeline\\Pipeline->{closure:{closure:Illuminate\\Pipeline\\Pipeline::carry():183}:184}(Object(Illuminate\\Http\\Request))
#46 /Users/mariabelenaa/JUSTIFICACIONES_GITHUB/Justificaciones_Laravel/vendor/laravel/framework/src/Illuminate/Pipeline/Pipeline.php(208): Illuminate\\Http\\Middleware\\ValidatePostSize->handle(Object(Illuminate\\Http\\Request), Object(Closure))
#47 /Users/mariabelenaa/JUSTIFICACIONES_GITHUB/Justificaciones_Laravel/vendor/laravel/framework/src/Illuminate/Foundation/Http/Middleware/PreventRequestsDuringMaintenance.php(109): Illuminate\\Pipeline\\Pipeline->{closure:{closure:Illuminate\\Pipeline\\Pipeline::carry():183}:184}(Object(Illuminate\\Http\\Request))
#48 /Users/mariabelenaa/JUSTIFICACIONES_GITHUB/Justificaciones_Laravel/vendor/laravel/framework/src/Illuminate/Pipeline/Pipeline.php(208): Illuminate\\Foundation\\Http\\Middleware\\PreventRequestsDuringMaintenance->handle(Object(Illuminate\\Http\\Request), Object(Closure))
#49 /Users/mariabelenaa/JUSTIFICACIONES_GITHUB/Justificaciones_Laravel/vendor/laravel/framework/src/Illuminate/Http/Middleware/HandleCors.php(48): Illuminate\\Pipeline\\Pipeline->{closure:{closure:Illuminate\\Pipeline\\Pipeline::carry():183}:184}(Object(Illuminate\\Http\\Request))
#50 /Users/mariabelenaa/JUSTIFICACIONES_GITHUB/Justificaciones_Laravel/vendor/laravel/framework/src/Illuminate/Pipeline/Pipeline.php(208): Illuminate\\Http\\Middleware\\HandleCors->handle(Object(Illuminate\\Http\\Request), Object(Closure))
#51 /Users/mariabelenaa/JUSTIFICACIONES_GITHUB/Justificaciones_Laravel/vendor/laravel/framework/src/Illuminate/Http/Middleware/TrustProxies.php(58): Illuminate\\Pipeline\\Pipeline->{closure:{closure:Illuminate\\Pipeline\\Pipeline::carry():183}:184}(Object(Illuminate\\Http\\Request))
#52 /Users/mariabelenaa/JUSTIFICACIONES_GITHUB/Justificaciones_Laravel/vendor/laravel/framework/src/Illuminate/Pipeline/Pipeline.php(208): Illuminate\\Http\\Middleware\\TrustProxies->handle(Object(Illuminate\\Http\\Request), Object(Closure))
#53 /Users/mariabelenaa/JUSTIFICACIONES_GITHUB/Justificaciones_Laravel/vendor/laravel/framework/src/Illuminate/Foundation/Http/Middleware/InvokeDeferredCallbacks.php(22): Illuminate\\Pipeline\\Pipeline->{closure:{closure:Illuminate\\Pipeline\\Pipeline::carry():183}:184}(Object(Illuminate\\Http\\Request))
#54 /Users/mariabelenaa/JUSTIFICACIONES_GITHUB/Justificaciones_Laravel/vendor/laravel/framework/src/Illuminate/Pipeline/Pipeline.php(208): Illuminate\\Foundation\\Http\\Middleware\\InvokeDeferredCallbacks->handle(Object(Illuminate\\Http\\Request), Object(Closure))
#55 /Users/mariabelenaa/JUSTIFICACIONES_GITHUB/Justificaciones_Laravel/vendor/laravel/framework/src/Illuminate/Http/Middleware/ValidatePathEncoding.php(26): Illuminate\\Pipeline\\Pipeline->{closure:{closure:Illuminate\\Pipeline\\Pipeline::carry():183}:184}(Object(Illuminate\\Http\\Request))
#56 /Users/mariabelenaa/JUSTIFICACIONES_GITHUB/Justificaciones_Laravel/vendor/laravel/framework/src/Illuminate/Pipeline/Pipeline.php(208): Illuminate\\Http\\Middleware\\ValidatePathEncoding->handle(Object(Illuminate\\Http\\Request), Object(Closure))
#57 /Users/mariabelenaa/JUSTIFICACIONES_GITHUB/Justificaciones_Laravel/vendor/laravel/framework/src/Illuminate/Pipeline/Pipeline.php(126): Illuminate\\Pipeline\\Pipeline->{closure:{closure:Illuminate\\Pipeline\\Pipeline::carry():183}:184}(Object(Illuminate\\Http\\Request))
#58 /Users/mariabelenaa/JUSTIFICACIONES_GITHUB/Justificaciones_Laravel/vendor/laravel/framework/src/Illuminate/Foundation/Http/Kernel.php(175): Illuminate\\Pipeline\\Pipeline->then(Object(Closure))
#59 /Users/mariabelenaa/JUSTIFICACIONES_GITHUB/Justificaciones_Laravel/vendor/laravel/framework/src/Illuminate/Foundation/Http/Kernel.php(144): Illuminate\\Foundation\\Http\\Kernel->sendRequestThroughRouter(Object(Illuminate\\Http\\Request))
#60 /Users/mariabelenaa/JUSTIFICACIONES_GITHUB/Justificaciones_Laravel/vendor/laravel/framework/src/Illuminate/Foundation/Application.php(1219): Illuminate\\Foundation\\Http\\Kernel->handle(Object(Illuminate\\Http\\Request))
#61 /Users/mariabelenaa/JUSTIFICACIONES_GITHUB/Justificaciones_Laravel/public/index.php(20): Illuminate\\Foundation\\Application->handleRequest(Object(Illuminate\\Http\\Request))
#62 /Users/mariabelenaa/JUSTIFICACIONES_GITHUB/Justificaciones_Laravel/vendor/laravel/framework/src/Illuminate/Foundation/resources/server.php(23): require_once('/Users/mariabel...')
#63 {main}
"} 
